2025-01-31T09:46:29.482Z [[31merror[39m]: Failed to start server: Attempted to construct an undefined constructor. Could mean a circular dependency problem. Try using `delay` function.
2025-01-31T09:46:52.801Z [[31merror[39m]: Failed to start server: Attempted to construct an undefined constructor. Could mean a circular dependency problem. Try using `delay` function.
2025-01-31T09:48:18.065Z [[31merror[39m]: Failed to start server: TypeInfo not known for "VideoController"
2025-01-31T09:48:33.526Z [[31merror[39m]: Failed to start server: TypeInfo not known for "VideoController"
2025-01-31T09:49:22.094Z [[31merror[39m]: Failed to start server: TypeInfo not known for "VideoController"
2025-01-31T09:49:27.343Z [[31merror[39m]: Failed to start server: TypeInfo not known for "VideoController"
2025-01-31T09:49:35.729Z [[31merror[39m]: Failed to start server: TypeInfo not known for "VideoController"
2025-01-31T09:50:27.988Z [[31merror[39m]: Failed to start server: TypeInfo not known for "VideoController"
2025-02-11T23:59:03.639Z [[31merror[39m]: Failed to start server: connect ECONNREFUSED ::1:27017, connect ECONNREFUSED 127.0.0.1:27017
2025-02-12T00:42:55.342Z [[31merror[39m]: Failed to start server: Cannot inject the dependency "testQuestionRepository" at position #2 of "VideoController" constructor. Reason:
    Attempted to resolve unregistered dependency token: "TestQuestionRepository"
2025-02-12T00:43:23.652Z [[31merror[39m]: Failed to start server: Cannot inject the dependency "testQuestionRepository" at position #2 of "VideoController" constructor. Reason:
    Attempted to resolve unregistered dependency token: "TestQuestionRepository"
2025-02-12T00:44:20.194Z [[31merror[39m]: Failed to start server: Cannot inject the dependency "testQuestionRepository" at position #2 of "VideoController" constructor. Reason:
    Attempted to resolve unregistered dependency token: "TestQuestionRepository"
2025-02-12T00:44:58.394Z [[31merror[39m]: Failed to start server: Cannot inject the dependency "testQuestionRepository" at position #2 of "VideoController" constructor. Reason:
    Attempted to resolve unregistered dependency token: "TestQuestionRepository"
2025-02-12T00:46:25.369Z [[31merror[39m]: Failed to start server: Cannot inject the dependency "testQuestionRepository" at position #2 of "VideoController" constructor. Reason:
    Attempted to resolve unregistered dependency token: "TestQuestionRepository"
2025-02-12T01:11:34.686Z [[31merror[39m]: Failed to start server: Cannot inject the dependency "testQuestionRepository" at position #2 of "VideoController" constructor. Reason:
    Attempted to resolve unregistered dependency token: "TestQuestionRepository"
2025-02-12T01:14:30.435Z [[31merror[39m]: Failed to start server: Cannot inject the dependency "videoService" at position #3 of "VideoController" constructor. Reason:
    Attempted to resolve unregistered dependency token: "VideoService"
2025-02-12T01:14:47.885Z [[31merror[39m]: Failed to start server: Cannot inject the dependency "videoService" at position #3 of "VideoController" constructor. Reason:
    Attempted to resolve unregistered dependency token: "VideoService"
